Using pre-set license
Built from '2020.3/staging' branch; Version is '2020.3.6f1 (338bb68529b2) revision 3378102'; Using compiler version '192528614'; Build Type 'Release'
OS: 'Windows 10 Home; OS build 19043.1052; Version 2009; 64bit' Language: 'pt' Physical Memory: 16275 MB
BatchMode: 1, IsHumanControllingUs: 0, StartBugReporterOnCrash: 0, Is64bit: 1, IsPro: 0

 COMMAND LINE ARGUMENTS:
C:\Program Files\Unity\Hub\Editor\2020.3.6f1\Editor\Unity.exe
-adb2
-batchMode
-noUpm
-name
AssetImportWorker0
-projectPath
C:/Users/ludus/Documents/GitHub/Rougue-like-Unity
-logFile
Logs/AssetImportWorker0.log
-srvPort
50589
Successfully changed project path to: C:/Users/ludus/Documents/GitHub/Rougue-like-Unity
C:/Users/ludus/Documents/GitHub/Rougue-like-Unity
Using Asset Import Pipeline V2.
Refreshing native plugins compatible for Editor in 126.92 ms, found 1 plugins.
Preloading 0 native plugins for Editor in 0.00 ms.
Initialize engine version: 2020.3.6f1 (338bb68529b2)
[Subsystems] Discovering subsystems at path C:/Program Files/Unity/Hub/Editor/2020.3.6f1/Editor/Data/Resources/UnitySubsystems
[Subsystems] Discovering subsystems at path C:/Users/ludus/Documents/GitHub/Rougue-like-Unity/Assets
GfxDevice: creating device client; threaded=0
Direct3D:
    Version:  Direct3D 11.0 [level 11.1]
    Renderer: NVIDIA GeForce GTX 1060 (ID=0x1c20)
    Vendor:   
    VRAM:     6052 MB
    Driver:   27.21.14.6242
Initialize mono
Mono path[0] = 'C:/Program Files/Unity/Hub/Editor/2020.3.6f1/Editor/Data/Managed'
Mono path[1] = 'C:/Program Files/Unity/Hub/Editor/2020.3.6f1/Editor/Data/MonoBleedingEdge/lib/mono/unityjit'
Mono config path = 'C:/Program Files/Unity/Hub/Editor/2020.3.6f1/Editor/Data/MonoBleedingEdge/etc'
Using monoOptions --debugger-agent=transport=dt_socket,embedding=1,server=y,suspend=n,address=127.0.0.1:56444
Begin MonoManager ReloadAssembly
Registering precompiled unity dll's ...
Register platform support module: C:/Program Files/Unity/Hub/Editor/2020.3.6f1/Editor/Data/PlaybackEngines/WindowsStandaloneSupport/UnityEditor.WindowsStandalone.Extensions.dll
Registered in 0.008392 seconds.
Native extension for WindowsStandalone target not found
Refreshing native plugins compatible for Editor in 142.61 ms, found 1 plugins.
Preloading 0 native plugins for Editor in 0.00 ms.
Mono: successfully reloaded assembly
- Completed reload, in  7.449 seconds
Platform modules already initialized, skipping
Registering precompiled user dll's ...
Registered in 0.004281 seconds.
Begin MonoManager ReloadAssembly
Native extension for WindowsStandalone target not found
Refreshing native plugins compatible for Editor in 88.49 ms, found 1 plugins.
Preloading 0 native plugins for Editor in 0.00 ms.
Mono: successfully reloaded assembly
- Completed reload, in  3.570 seconds
Platform modules already initialized, skipping
========================================================================
Worker process is ready to serve import requests
Launched and connected shader compiler UnityShaderCompiler.exe after 0.15 seconds
Refreshing native plugins compatible for Editor in 1.00 ms, found 1 plugins.
Preloading 0 native plugins for Editor in 0.00 ms.
Unloading 2111 Unused Serialized files (Serialized files now loaded: 0)
System memory in use before: 95.7 MB.
System memory in use after: 95.7 MB.

Unloading 26 unused Assets to reduce memory usage. Loaded Objects now: 2555.
Total: 8.396600 ms (FindLiveObjects: 0.503100 ms CreateObjectMapping: 0.288400 ms MarkObjects: 7.110400 ms  DeleteObjects: 0.491600 ms)

========================================================================
Received Import Request.
  path: Assets/Sprites/Enemys/zombie_rouge.png
  artifactKey: Guid(90e40daa4975422468b4e364044a9693) Importer(815301076,1909f56bfc062723c751e8b465ee728b)
Start importing Assets/Sprites/Enemys/zombie_rouge.png using Guid(90e40daa4975422468b4e364044a9693) Importer(815301076,1909f56bfc062723c751e8b465ee728b)  -> (artifact id: '53f9cdbbaf12ab3c3f7bfac95aafbaee') in 0.429892 seconds
  Import took 0.440272 seconds .

========================================================================
Received Import Request.
  Time since last request: 27.311168 seconds.
  path: Assets/Sprites/Enemys/zombie_rouge.png
  artifactKey: Guid(90e40daa4975422468b4e364044a9693) Importer(815301076,1909f56bfc062723c751e8b465ee728b)
Start importing Assets/Sprites/Enemys/zombie_rouge.png using Guid(90e40daa4975422468b4e364044a9693) Importer(815301076,1909f56bfc062723c751e8b465ee728b)  -> (artifact id: '116621d26cfff29072792504230b722d') in 0.331163 seconds
  Import took 0.342705 seconds .

========================================================================
Received Import Request.
  Time since last request: 28.267455 seconds.
  path: Assets/Sprites/Enemys/zombie_rouge.png
  artifactKey: Guid(90e40daa4975422468b4e364044a9693) Importer(815301076,1909f56bfc062723c751e8b465ee728b)
Start importing Assets/Sprites/Enemys/zombie_rouge.png using Guid(90e40daa4975422468b4e364044a9693) Importer(815301076,1909f56bfc062723c751e8b465ee728b)  -> (artifact id: '7691f1e343cf8ddcaab0ebdd0d45bd54') in 0.166888 seconds
  Import took 0.175407 seconds .

========================================================================
Received Import Request.
  Time since last request: 7.131608 seconds.
  path: Assets/Sprites/Enemys/zombie_rouge.png
  artifactKey: Guid(90e40daa4975422468b4e364044a9693) Importer(815301076,1909f56bfc062723c751e8b465ee728b)
Start importing Assets/Sprites/Enemys/zombie_rouge.png using Guid(90e40daa4975422468b4e364044a9693) Importer(815301076,1909f56bfc062723c751e8b465ee728b)  -> (artifact id: '1089118b30ff98cde98b2b8b72ab1992') in 0.184455 seconds
  Import took 0.192696 seconds .

========================================================================
Received Import Request.
  Time since last request: 6.335922 seconds.
  path: Assets/Sprites/Enemys/zombie_rouge.png
  artifactKey: Guid(90e40daa4975422468b4e364044a9693) Importer(815301076,1909f56bfc062723c751e8b465ee728b)
Start importing Assets/Sprites/Enemys/zombie_rouge.png using Guid(90e40daa4975422468b4e364044a9693) Importer(815301076,1909f56bfc062723c751e8b465ee728b)  -> (artifact id: '26dd61cb50f883dc1671393208e1f182') in 0.133203 seconds
  Import took 0.142094 seconds .

========================================================================
Received Import Request.
  Time since last request: 24.010765 seconds.
  path: Assets/Sprites/Enemys/zombie_rouge.png
  artifactKey: Guid(90e40daa4975422468b4e364044a9693) Importer(815301076,1909f56bfc062723c751e8b465ee728b)
Start importing Assets/Sprites/Enemys/zombie_rouge.png using Guid(90e40daa4975422468b4e364044a9693) Importer(815301076,1909f56bfc062723c751e8b465ee728b)  -> (artifact id: '8179e1e5dea9cb8968ae55bb712e57ec') in 0.131655 seconds
  Import took 0.138176 seconds .

========================================================================
Received Import Request.
  Time since last request: 83.127597 seconds.
  path: Assets/Scripts/Enemy
  artifactKey: Guid(d70f3d6ff1407964fab96b2da9e36e78) Importer(815301076,1909f56bfc062723c751e8b465ee728b)
Start importing Assets/Scripts/Enemy using Guid(d70f3d6ff1407964fab96b2da9e36e78) Importer(815301076,1909f56bfc062723c751e8b465ee728b)  -> (artifact id: '36276cffd873841236775f029f775268') in 0.020841 seconds
  Import took 0.035723 seconds .

========================================================================
Received Import Request.
  Time since last request: 14.856789 seconds.
  path: Assets/Scripts/Enemy/Enemy.cs
  artifactKey: Guid(b2bdfa9a12df34741bdfeab7a1215678) Importer(815301076,1909f56bfc062723c751e8b465ee728b)
Start importing Assets/Scripts/Enemy/Enemy.cs using Guid(b2bdfa9a12df34741bdfeab7a1215678) Importer(815301076,1909f56bfc062723c751e8b465ee728b)  -> (artifact id: '8c2788c3454e03bed04fada16fa7eba7') in 0.060192 seconds
  Import took 0.068077 seconds .

========================================================================
Received Prepare
Registering precompiled user dll's ...
Registered in 0.001181 seconds.
Begin MonoManager ReloadAssembly
Native extension for WindowsStandalone target not found
Refreshing native plugins compatible for Editor in 1.02 ms, found 1 plugins.
Preloading 0 native plugins for Editor in 0.00 ms.
Mono: successfully reloaded assembly
- Completed reload, in  3.029 seconds
Platform modules already initialized, skipping
Refreshing native plugins compatible for Editor in 1.05 ms, found 1 plugins.
Preloading 0 native plugins for Editor in 0.00 ms.
Unloading 2107 Unused Serialized files (Serialized files now loaded: 0)
System memory in use before: 98.8 MB.
System memory in use after: 98.8 MB.

Unloading 12 unused Assets to reduce memory usage. Loaded Objects now: 2567.
Total: 7.609700 ms (FindLiveObjects: 0.493800 ms CreateObjectMapping: 0.407000 ms MarkObjects: 6.391900 ms  DeleteObjects: 0.313700 ms)

========================================================================
Received Prepare
Registering precompiled user dll's ...
Registered in 0.001179 seconds.
Begin MonoManager ReloadAssembly
Native extension for WindowsStandalone target not found
Refreshing native plugins compatible for Editor in 0.72 ms, found 1 plugins.
Preloading 0 native plugins for Editor in 0.00 ms.
Mono: successfully reloaded assembly
- Completed reload, in  2.739 seconds
Platform modules already initialized, skipping
Refreshing native plugins compatible for Editor in 1.24 ms, found 1 plugins.
Preloading 0 native plugins for Editor in 0.00 ms.
Unloading 2107 Unused Serialized files (Serialized files now loaded: 0)
System memory in use before: 98.9 MB.
System memory in use after: 98.8 MB.

Unloading 12 unused Assets to reduce memory usage. Loaded Objects now: 2571.
Total: 10.635800 ms (FindLiveObjects: 0.909200 ms CreateObjectMapping: 0.450400 ms MarkObjects: 8.807100 ms  DeleteObjects: 0.464000 ms)

========================================================================
Received Import Request.
  Time since last request: 437.603048 seconds.
  path: Assets/Scripts/Enemy/Enemy.cs
  artifactKey: Guid(b2bdfa9a12df34741bdfeab7a1215678) Importer(815301076,1909f56bfc062723c751e8b465ee728b)
Start importing Assets/Scripts/Enemy/Enemy.cs using Guid(b2bdfa9a12df34741bdfeab7a1215678) Importer(815301076,1909f56bfc062723c751e8b465ee728b)  -> (artifact id: 'bae8ad0e846968310b554c097354294d') in 0.013665 seconds
  Import took 0.025303 seconds .

========================================================================
Received Prepare
Registering precompiled user dll's ...
Registered in 0.002087 seconds.
Begin MonoManager ReloadAssembly
Native extension for WindowsStandalone target not found
Refreshing native plugins compatible for Editor in 1.08 ms, found 1 plugins.
Preloading 0 native plugins for Editor in 0.00 ms.
Mono: successfully reloaded assembly
- Completed reload, in  3.246 seconds
Platform modules already initialized, skipping
Refreshing native plugins compatible for Editor in 1.49 ms, found 1 plugins.
Preloading 0 native plugins for Editor in 0.00 ms.
Unloading 2107 Unused Serialized files (Serialized files now loaded: 0)
System memory in use before: 98.9 MB.
System memory in use after: 98.9 MB.

Unloading 12 unused Assets to reduce memory usage. Loaded Objects now: 2575.
Total: 4.963900 ms (FindLiveObjects: 0.524600 ms CreateObjectMapping: 0.221100 ms MarkObjects: 3.978100 ms  DeleteObjects: 0.237600 ms)

========================================================================
Received Import Request.
  Time since last request: 355.102150 seconds.
  path: Assets/Scripts/Enemy/CactusEnemy.cs
  artifactKey: Guid(ff79ec42b9d5a6840957928d7d928f65) Importer(815301076,1909f56bfc062723c751e8b465ee728b)
Start importing Assets/Scripts/Enemy/CactusEnemy.cs using Guid(ff79ec42b9d5a6840957928d7d928f65) Importer(815301076,1909f56bfc062723c751e8b465ee728b)  -> (artifact id: 'a9f7b056ab1ec94d1217b450ce302454') in 0.014779 seconds
  Import took 0.019705 seconds .

========================================================================
Received Prepare
Registering precompiled user dll's ...
Registered in 0.003836 seconds.
Begin MonoManager ReloadAssembly
Native extension for WindowsStandalone target not found
Refreshing native plugins compatible for Editor in 0.88 ms, found 1 plugins.
Preloading 0 native plugins for Editor in 0.00 ms.
Mono: successfully reloaded assembly
- Completed reload, in  2.406 seconds
Platform modules already initialized, skipping
Refreshing native plugins compatible for Editor in 0.84 ms, found 1 plugins.
Preloading 0 native plugins for Editor in 0.00 ms.
Unloading 2108 Unused Serialized files (Serialized files now loaded: 0)
System memory in use before: 98.9 MB.
System memory in use after: 98.9 MB.

Unloading 12 unused Assets to reduce memory usage. Loaded Objects now: 2580.
Total: 6.169000 ms (FindLiveObjects: 0.671900 ms CreateObjectMapping: 0.322900 ms MarkObjects: 5.018200 ms  DeleteObjects: 0.153700 ms)

========================================================================
Received Prepare
Registering precompiled user dll's ...
Registered in 0.001643 seconds.
Begin MonoManager ReloadAssembly
Native extension for WindowsStandalone target not found
Refreshing native plugins compatible for Editor in 0.85 ms, found 1 plugins.
Preloading 0 native plugins for Editor in 0.00 ms.
Mono: successfully reloaded assembly
- Completed reload, in  2.202 seconds
Platform modules already initialized, skipping
Refreshing native plugins compatible for Editor in 0.58 ms, found 1 plugins.
Preloading 0 native plugins for Editor in 0.00 ms.
Unloading 2108 Unused Serialized files (Serialized files now loaded: 0)
System memory in use before: 99.0 MB.
System memory in use after: 98.9 MB.

Unloading 12 unused Assets to reduce memory usage. Loaded Objects now: 2584.
Total: 4.263400 ms (FindLiveObjects: 0.654700 ms CreateObjectMapping: 0.194600 ms MarkObjects: 3.193600 ms  DeleteObjects: 0.218900 ms)

========================================================================
Received Import Request.
  Time since last request: 30.624077 seconds.
  path: Assets/Scripts/Enemy/CactusEnemy.cs
  artifactKey: Guid(ff79ec42b9d5a6840957928d7d928f65) Importer(815301076,1909f56bfc062723c751e8b465ee728b)
Start importing Assets/Scripts/Enemy/CactusEnemy.cs using Guid(ff79ec42b9d5a6840957928d7d928f65) Importer(815301076,1909f56bfc062723c751e8b465ee728b)  -> (artifact id: '9adb5a67b80cc80ae3ced97cad410869') in 0.007830 seconds
  Import took 0.013671 seconds .

========================================================================
Received Prepare
Registering precompiled user dll's ...
Registered in 0.004047 seconds.
Begin MonoManager ReloadAssembly
Native extension for WindowsStandalone target not found
Refreshing native plugins compatible for Editor in 0.78 ms, found 1 plugins.
Preloading 0 native plugins for Editor in 0.00 ms.
Mono: successfully reloaded assembly
- Completed reload, in  2.772 seconds
Platform modules already initialized, skipping
Refreshing native plugins compatible for Editor in 0.73 ms, found 1 plugins.
Preloading 0 native plugins for Editor in 0.00 ms.
Unloading 2108 Unused Serialized files (Serialized files now loaded: 0)
System memory in use before: 99.0 MB.
System memory in use after: 99.0 MB.

Unloading 12 unused Assets to reduce memory usage. Loaded Objects now: 2588.
Total: 4.850200 ms (FindLiveObjects: 0.351800 ms CreateObjectMapping: 0.228500 ms MarkObjects: 4.060200 ms  DeleteObjects: 0.207300 ms)

========================================================================
Received Import Request.
  Time since last request: 136.981326 seconds.
  path: Assets/Scripts/Enemy/CactusEnemy.cs
  artifactKey: Guid(ff79ec42b9d5a6840957928d7d928f65) Importer(815301076,1909f56bfc062723c751e8b465ee728b)
Start importing Assets/Scripts/Enemy/CactusEnemy.cs using Guid(ff79ec42b9d5a6840957928d7d928f65) Importer(815301076,1909f56bfc062723c751e8b465ee728b)  -> (artifact id: '86b497534c02faf1d1aa568c392db7be') in 0.017029 seconds
  Import took 0.031216 seconds .

========================================================================
Received Prepare
Registering precompiled user dll's ...
Registered in 0.001407 seconds.
Begin MonoManager ReloadAssembly
Native extension for WindowsStandalone target not found
Refreshing native plugins compatible for Editor in 1.02 ms, found 1 plugins.
Preloading 0 native plugins for Editor in 0.00 ms.
Mono: successfully reloaded assembly
- Completed reload, in  2.912 seconds
Platform modules already initialized, skipping
Refreshing native plugins compatible for Editor in 0.76 ms, found 1 plugins.
Preloading 0 native plugins for Editor in 0.00 ms.
Unloading 2108 Unused Serialized files (Serialized files now loaded: 0)
System memory in use before: 99.0 MB.
System memory in use after: 99.0 MB.

Unloading 12 unused Assets to reduce memory usage. Loaded Objects now: 2592.
Total: 9.158300 ms (FindLiveObjects: 0.935700 ms CreateObjectMapping: 0.535500 ms MarkObjects: 7.358100 ms  DeleteObjects: 0.324500 ms)

========================================================================
Received Prepare
Registering precompiled user dll's ...
Registered in 0.001662 seconds.
Begin MonoManager ReloadAssembly
Native extension for WindowsStandalone target not found
Refreshing native plugins compatible for Editor in 1.35 ms, found 1 plugins.
Preloading 0 native plugins for Editor in 0.00 ms.
Mono: successfully reloaded assembly
- Completed reload, in  3.396 seconds
Platform modules already initialized, skipping
Refreshing native plugins compatible for Editor in 0.55 ms, found 1 plugins.
Preloading 0 native plugins for Editor in 0.00 ms.
Unloading 2108 Unused Serialized files (Serialized files now loaded: 0)
System memory in use before: 99.0 MB.
System memory in use after: 99.0 MB.

Unloading 12 unused Assets to reduce memory usage. Loaded Objects now: 2596.
Total: 3.397100 ms (FindLiveObjects: 0.260800 ms CreateObjectMapping: 0.114900 ms MarkObjects: 2.842200 ms  DeleteObjects: 0.177800 ms)

========================================================================
Received Import Request.
  Time since last request: 142.630839 seconds.
  path: Assets/Animations/Enemys/Cactus
  artifactKey: Guid(f9a6d3031cd6b2f44be8c20262c235d4) Importer(815301076,1909f56bfc062723c751e8b465ee728b)
Start importing Assets/Animations/Enemys/Cactus using Guid(f9a6d3031cd6b2f44be8c20262c235d4) Importer(815301076,1909f56bfc062723c751e8b465ee728b)  -> (artifact id: 'c26faae17325759ffcfd91f4b732c106') in 0.026971 seconds
  Import took 0.037211 seconds .

========================================================================
Received Import Request.
  Time since last request: 1.411390 seconds.
  path: Assets/Animations/Enemys/Cactus/CactusEnemy.anim
  artifactKey: Guid(e68a2478e6e736d438a5e4af80a01f60) Importer(815301076,1909f56bfc062723c751e8b465ee728b)
Start importing Assets/Animations/Enemys/Cactus/CactusEnemy.anim using Guid(e68a2478e6e736d438a5e4af80a01f60) Importer(815301076,1909f56bfc062723c751e8b465ee728b)  -> (artifact id: '7256cda1bc32a2c65f43e7c5432a2e89') in 0.059211 seconds
  Import took 0.073520 seconds .

========================================================================
Received Import Request.
  Time since last request: 0.016074 seconds.
  path: Assets/Animations/Enemys/Cactus/CactusEnemy.anim
  artifactKey: Guid(e68a2478e6e736d438a5e4af80a01f60) Importer(815301076,1909f56bfc062723c751e8b465ee728b)
Start importing Assets/Animations/Enemys/Cactus/CactusEnemy.anim using Guid(e68a2478e6e736d438a5e4af80a01f60) Importer(815301076,1909f56bfc062723c751e8b465ee728b)  -> (artifact id: '7256cda1bc32a2c65f43e7c5432a2e89') in 0.013649 seconds
  Import took 0.029829 seconds .

========================================================================
Received Import Request.
  Time since last request: 1.653274 seconds.
  path: Assets/Animations/Enemys/Cactus/zombie_rouge_0.controller
  artifactKey: Guid(ab795273d3e457c458784a2093ef7d92) Importer(815301076,1909f56bfc062723c751e8b465ee728b)
Start importing Assets/Animations/Enemys/Cactus/zombie_rouge_0.controller using Guid(ab795273d3e457c458784a2093ef7d92) Importer(815301076,1909f56bfc062723c751e8b465ee728b)  -> (artifact id: '4ee2d80c3721c37f007c14b8c93c5ac5') in 0.042811 seconds
  Import took 0.059645 seconds .

========================================================================
Received Import Request.
  Time since last request: 35.142735 seconds.
  path: Assets/Scripts/InputMap/InputMap.inputactions
  artifactKey: Guid(021f2462a602996489b4c1dee8fcd181) Importer(815301076,1909f56bfc062723c751e8b465ee728b)
Start importing Assets/Scripts/InputMap/InputMap.inputactions using Guid(021f2462a602996489b4c1dee8fcd181) Importer(815301076,1909f56bfc062723c751e8b465ee728b)  -> (artifact id: '8dc7a3008fc848ecd8d4b24f9327244b') in 0.067919 seconds
  Import took 0.082974 seconds .

========================================================================
Received Prepare
Registering precompiled user dll's ...
Registered in 0.002251 seconds.
Begin MonoManager ReloadAssembly
Native extension for WindowsStandalone target not found
Refreshing native plugins compatible for Editor in 0.74 ms, found 1 plugins.
Preloading 0 native plugins for Editor in 0.00 ms.
Mono: successfully reloaded assembly
- Completed reload, in  1.396 seconds
Platform modules already initialized, skipping
Refreshing native plugins compatible for Editor in 0.62 ms, found 1 plugins.
Preloading 0 native plugins for Editor in 0.00 ms.
Unloading 2108 Unused Serialized files (Serialized files now loaded: 0)
System memory in use before: 99.0 MB.
System memory in use after: 99.0 MB.

Unloading 12 unused Assets to reduce memory usage. Loaded Objects now: 2600.
Total: 3.141000 ms (FindLiveObjects: 0.307400 ms CreateObjectMapping: 0.119000 ms MarkObjects: 2.547500 ms  DeleteObjects: 0.165800 ms)

========================================================================
Received Prepare
Registering precompiled user dll's ...
Registered in 0.001895 seconds.
Begin MonoManager ReloadAssembly
Native extension for WindowsStandalone target not found
Refreshing native plugins compatible for Editor in 1.02 ms, found 1 plugins.
Preloading 0 native plugins for Editor in 0.00 ms.
Mono: successfully reloaded assembly
- Completed reload, in  3.239 seconds
Platform modules already initialized, skipping
Refreshing native plugins compatible for Editor in 1.44 ms, found 1 plugins.
Preloading 0 native plugins for Editor in 0.00 ms.
Unloading 2108 Unused Serialized files (Serialized files now loaded: 0)
System memory in use before: 99.0 MB.
System memory in use after: 99.0 MB.

Unloading 12 unused Assets to reduce memory usage. Loaded Objects now: 2604.
Total: 7.959000 ms (FindLiveObjects: 0.585600 ms CreateObjectMapping: 0.386500 ms MarkObjects: 6.657200 ms  DeleteObjects: 0.326000 ms)

========================================================================
Received Prepare
Registering precompiled user dll's ...
Registered in 0.001200 seconds.
Begin MonoManager ReloadAssembly
Native extension for WindowsStandalone target not found
Refreshing native plugins compatible for Editor in 1.06 ms, found 1 plugins.
Preloading 0 native plugins for Editor in 0.00 ms.
Mono: successfully reloaded assembly
- Completed reload, in  2.880 seconds
Platform modules already initialized, skipping
Refreshing native plugins compatible for Editor in 1.15 ms, found 1 plugins.
Preloading 0 native plugins for Editor in 0.00 ms.
Unloading 2108 Unused Serialized files (Serialized files now loaded: 0)
System memory in use before: 99.0 MB.
System memory in use after: 99.0 MB.

Unloading 12 unused Assets to reduce memory usage. Loaded Objects now: 2608.
Total: 7.177000 ms (FindLiveObjects: 0.635700 ms CreateObjectMapping: 0.308700 ms MarkObjects: 5.906300 ms  DeleteObjects: 0.322900 ms)

========================================================================
Received Prepare
Registering precompiled user dll's ...
Registered in 0.001611 seconds.
Begin MonoManager ReloadAssembly
Native extension for WindowsStandalone target not found
Refreshing native plugins compatible for Editor in 0.82 ms, found 1 plugins.
Preloading 0 native plugins for Editor in 0.00 ms.
Mono: successfully reloaded assembly
- Completed reload, in  2.509 seconds
Platform modules already initialized, skipping
Refreshing native plugins compatible for Editor in 0.94 ms, found 1 plugins.
Preloading 0 native plugins for Editor in 0.00 ms.
Unloading 2108 Unused Serialized files (Serialized files now loaded: 0)
System memory in use before: 99.1 MB.
System memory in use after: 99.0 MB.

Unloading 12 unused Assets to reduce memory usage. Loaded Objects now: 2612.
Total: 4.793000 ms (FindLiveObjects: 0.382100 ms CreateObjectMapping: 0.197200 ms MarkObjects: 3.999900 ms  DeleteObjects: 0.211400 ms)

========================================================================
Received Import Request.
  Time since last request: 484.758631 seconds.
  path: Assets/Prefabs/shoot.prefab
  artifactKey: Guid(121463473eb9e2149be61a4fbb0ff3a1) Importer(815301076,1909f56bfc062723c751e8b465ee728b)
Start importing Assets/Prefabs/shoot.prefab using Guid(121463473eb9e2149be61a4fbb0ff3a1) Importer(815301076,1909f56bfc062723c751e8b465ee728b)  -> (artifact id: 'ad9fdbde6acff9317b517516778cd113') in 0.298262 seconds
  Import took 0.313622 seconds .

========================================================================
Received Import Request.
  Time since last request: 8.368644 seconds.
  path: Assets/Prefabs/shoot.prefab
  artifactKey: Guid(121463473eb9e2149be61a4fbb0ff3a1) Importer(815301076,1909f56bfc062723c751e8b465ee728b)
Start importing Assets/Prefabs/shoot.prefab using Guid(121463473eb9e2149be61a4fbb0ff3a1) Importer(815301076,1909f56bfc062723c751e8b465ee728b)  -> (artifact id: '92ae05ebeea1cea4d9e8b0a2e160b521') in 0.036807 seconds
  Import took 0.050001 seconds .

========================================================================
Received Prepare
Registering precompiled user dll's ...
Registered in 0.002382 seconds.
Begin MonoManager ReloadAssembly
Native extension for WindowsStandalone target not found
Refreshing native plugins compatible for Editor in 0.92 ms, found 1 plugins.
Preloading 0 native plugins for Editor in 0.00 ms.
Mono: successfully reloaded assembly
- Completed reload, in  1.952 seconds
Platform modules already initialized, skipping
Refreshing native plugins compatible for Editor in 0.66 ms, found 1 plugins.
Preloading 0 native plugins for Editor in 0.00 ms.
Unloading 2108 Unused Serialized files (Serialized files now loaded: 0)
System memory in use before: 99.1 MB.
System memory in use after: 99.1 MB.

Unloading 12 unused Assets to reduce memory usage. Loaded Objects now: 2621.
Total: 5.557800 ms (FindLiveObjects: 0.439700 ms CreateObjectMapping: 0.256000 ms MarkObjects: 4.588100 ms  DeleteObjects: 0.271900 ms)

========================================================================
Received Prepare
Registering precompiled user dll's ...
Registered in 0.002944 seconds.
Begin MonoManager ReloadAssembly
Native extension for WindowsStandalone target not found
Refreshing native plugins compatible for Editor in 0.57 ms, found 1 plugins.
Preloading 0 native plugins for Editor in 0.00 ms.
Mono: successfully reloaded assembly
- Completed reload, in  2.890 seconds
Platform modules already initialized, skipping
Refreshing native plugins compatible for Editor in 1.06 ms, found 1 plugins.
Preloading 0 native plugins for Editor in 0.00 ms.
Unloading 2108 Unused Serialized files (Serialized files now loaded: 0)
System memory in use before: 99.1 MB.
System memory in use after: 99.1 MB.

Unloading 12 unused Assets to reduce memory usage. Loaded Objects now: 2625.
Total: 7.895800 ms (FindLiveObjects: 0.804200 ms CreateObjectMapping: 0.298600 ms MarkObjects: 6.470800 ms  DeleteObjects: 0.317200 ms)

========================================================================
Received Prepare
Registering precompiled user dll's ...
Registered in 0.003228 seconds.
Begin MonoManager ReloadAssembly
Native extension for WindowsStandalone target not found
Refreshing native plugins compatible for Editor in 1.24 ms, found 1 plugins.
Preloading 0 native plugins for Editor in 0.00 ms.
Mono: successfully reloaded assembly
- Completed reload, in  3.002 seconds
Platform modules already initialized, skipping
Refreshing native plugins compatible for Editor in 2.05 ms, found 1 plugins.
Preloading 0 native plugins for Editor in 0.00 ms.
Unloading 2108 Unused Serialized files (Serialized files now loaded: 0)
System memory in use before: 99.1 MB.
System memory in use after: 99.1 MB.

Unloading 12 unused Assets to reduce memory usage. Loaded Objects now: 2629.
Total: 7.820000 ms (FindLiveObjects: 0.533600 ms CreateObjectMapping: 0.424400 ms MarkObjects: 6.538300 ms  DeleteObjects: 0.320300 ms)

========================================================================
Received Import Request.
  Time since last request: 105.043495 seconds.
  path: Assets/Prefabs/shoot.prefab
  artifactKey: Guid(121463473eb9e2149be61a4fbb0ff3a1) Importer(815301076,1909f56bfc062723c751e8b465ee728b)
Start importing Assets/Prefabs/shoot.prefab using Guid(121463473eb9e2149be61a4fbb0ff3a1) Importer(815301076,1909f56bfc062723c751e8b465ee728b)  -> (artifact id: '7308f3a54e3f27df4aaeabbfc9ddb7db') in 0.179646 seconds
  Import took 0.196483 seconds .

========================================================================
Received Import Request.
  Time since last request: 3.143971 seconds.
  path: Assets/Prefabs/shoot.prefab
  artifactKey: Guid(121463473eb9e2149be61a4fbb0ff3a1) Importer(815301076,1909f56bfc062723c751e8b465ee728b)
Start importing Assets/Prefabs/shoot.prefab using Guid(121463473eb9e2149be61a4fbb0ff3a1) Importer(815301076,1909f56bfc062723c751e8b465ee728b)  -> (artifact id: '09af4be272a7f7cdcf69f391bb2c1bf6') in 0.027066 seconds
  Import took 0.034739 seconds .

========================================================================
Received Prepare
Registering precompiled user dll's ...
Registered in 0.002028 seconds.
Begin MonoManager ReloadAssembly
Native extension for WindowsStandalone target not found
Refreshing native plugins compatible for Editor in 1.23 ms, found 1 plugins.
Preloading 0 native plugins for Editor in 0.00 ms.
Mono: successfully reloaded assembly
- Completed reload, in  3.438 seconds
Platform modules already initialized, skipping
Refreshing native plugins compatible for Editor in 1.05 ms, found 1 plugins.
Preloading 0 native plugins for Editor in 0.00 ms.
Unloading 2108 Unused Serialized files (Serialized files now loaded: 0)
System memory in use before: 99.1 MB.
System memory in use after: 99.1 MB.

Unloading 12 unused Assets to reduce memory usage. Loaded Objects now: 2634.
Total: 11.368300 ms (FindLiveObjects: 0.965900 ms CreateObjectMapping: 0.440700 ms MarkObjects: 9.593800 ms  DeleteObjects: 0.363900 ms)

========================================================================
Received Prepare
Registering precompiled user dll's ...
Registered in 0.005149 seconds.
Begin MonoManager ReloadAssembly
Native extension for WindowsStandalone target not found
Refreshing native plugins compatible for Editor in 0.70 ms, found 1 plugins.
Preloading 0 native plugins for Editor in 0.00 ms.
Mono: successfully reloaded assembly
- Completed reload, in  3.713 seconds
Platform modules already initialized, skipping
Refreshing native plugins compatible for Editor in 0.98 ms, found 1 plugins.
Preloading 0 native plugins for Editor in 0.00 ms.
Unloading 2108 Unused Serialized files (Serialized files now loaded: 0)
System memory in use before: 99.1 MB.
System memory in use after: 99.1 MB.

Unloading 12 unused Assets to reduce memory usage. Loaded Objects now: 2638.
Total: 4.563400 ms (FindLiveObjects: 0.334800 ms CreateObjectMapping: 0.241400 ms MarkObjects: 3.758200 ms  DeleteObjects: 0.227300 ms)

========================================================================
Received Prepare
Registering precompiled user dll's ...
Registered in 0.004549 seconds.
Begin MonoManager ReloadAssembly
Native extension for WindowsStandalone target not found
Refreshing native plugins compatible for Editor in 1.09 ms, found 1 plugins.
Preloading 0 native plugins for Editor in 0.00 ms.
Mono: successfully reloaded assembly
- Completed reload, in  2.985 seconds
Platform modules already initialized, skipping
Refreshing native plugins compatible for Editor in 1.22 ms, found 1 plugins.
Preloading 0 native plugins for Editor in 0.00 ms.
Unloading 2108 Unused Serialized files (Serialized files now loaded: 0)
System memory in use before: 99.2 MB.
System memory in use after: 99.1 MB.

Unloading 12 unused Assets to reduce memory usage. Loaded Objects now: 2642.
Total: 11.685700 ms (FindLiveObjects: 0.748800 ms CreateObjectMapping: 0.417700 ms MarkObjects: 9.910500 ms  DeleteObjects: 0.603700 ms)

========================================================================
Received Prepare
Registering precompiled user dll's ...
Registered in 0.004599 seconds.
Begin MonoManager ReloadAssembly
Native extension for WindowsStandalone target not found
Refreshing native plugins compatible for Editor in 1.74 ms, found 1 plugins.
Preloading 0 native plugins for Editor in 0.00 ms.
Mono: successfully reloaded assembly
- Completed reload, in  4.157 seconds
Platform modules already initialized, skipping
Refreshing native plugins compatible for Editor in 1.63 ms, found 1 plugins.
Preloading 0 native plugins for Editor in 0.00 ms.
Unloading 2108 Unused Serialized files (Serialized files now loaded: 0)
System memory in use before: 99.2 MB.
System memory in use after: 99.1 MB.

Unloading 12 unused Assets to reduce memory usage. Loaded Objects now: 2646.
Total: 7.867900 ms (FindLiveObjects: 0.646300 ms CreateObjectMapping: 0.283900 ms MarkObjects: 6.612400 ms  DeleteObjects: 0.321700 ms)

========================================================================
Received Prepare
Registering precompiled user dll's ...
Registered in 0.004457 seconds.
Begin MonoManager ReloadAssembly
Native extension for WindowsStandalone target not found
Refreshing native plugins compatible for Editor in 1.03 ms, found 1 plugins.
Preloading 0 native plugins for Editor in 0.00 ms.
Mono: successfully reloaded assembly
- Completed reload, in  4.159 seconds
Platform modules already initialized, skipping
Refreshing native plugins compatible for Editor in 1.36 ms, found 1 plugins.
Preloading 0 native plugins for Editor in 0.00 ms.
Unloading 2108 Unused Serialized files (Serialized files now loaded: 0)
System memory in use before: 99.2 MB.
System memory in use after: 99.2 MB.

Unloading 12 unused Assets to reduce memory usage. Loaded Objects now: 2650.
Total: 8.929000 ms (FindLiveObjects: 0.517200 ms CreateObjectMapping: 0.283300 ms MarkObjects: 7.702000 ms  DeleteObjects: 0.423000 ms)

========================================================================
Received Import Request.
  Time since last request: 230.837484 seconds.
  path: Assets/Prefabs/shoot.prefab
  artifactKey: Guid(121463473eb9e2149be61a4fbb0ff3a1) Importer(815301076,1909f56bfc062723c751e8b465ee728b)
Start importing Assets/Prefabs/shoot.prefab using Guid(121463473eb9e2149be61a4fbb0ff3a1) Importer(815301076,1909f56bfc062723c751e8b465ee728b)  -> (artifact id: 'be1793650bb67b97da30cd1b594070c8') in 0.213077 seconds
  Import took 0.229007 seconds .

